{
    "fromAddress": "00000000000000000000000000000000000000000000",
    "toAddress": "A/yqKGjN1Vt2ZBLzgjk1snBOKvdeM2Vq6NDggZ1Gbdam",
    "amount": 10,
    "signature": "",
    "timestamp": 1111111111111
}