{
    "fromAddress": "https://github.com/konstantinullrich/gitcoin/1",
    "toAddress": "MIIBIjANBgkqhkiG9w0BAQEFAAOCAQ8AMIIBCgKCAQEAqYV651X/lrqGEDFI8pm/0PM4X5+I7il+jNbzdW8dC3KZHsQgyiowqV0YZRz6obnXm0bA54hocGnEvTLL0wKdGix6kLkU1FvesntEqtDVmLueft9XQrTYlPpiz7Pxh6a9/eTssDRfHHm0RyE0czWT78M9XPObociaL1i98bGTSLodS+sCv63QznDkwhkM8ZSGHOjrMji3wDddo0/3z7OG4wiraWn2Z4yn7aIB2SxhC6iR7kSKyTR+ykZALnv/VyWACuFJCf4IRL8ld8fKr0CqNtFux7iLjrjdm2QKrklC4JGjxcNfoCW3pFiDyivDjsYI3D1aGwjBycUBCZy0XF5BlwIDAQAB",
    "amount": 100,
    "signature": "",
    "timestamp": 1111111111111
}