{
    "fromAddress": null,
    "toAddress": "A/yqKGjN1Vt2ZBLzgjk1snBOKvdeM2Vq6NDggZ1Gbdam",
    "amount": 100,
    "signature": "",
    "timestamp": 1111111111111
}