{
    "fromAddress": "11111111111111111111111111111111111111111111",
    "toAddress": "A/yqKGjN1Vt2ZBLzgjk1snBOKvdeM2Vq6NDggZ1Gbdam",
    "amount": 10,
    "signature": "",
    "timestamp": 1111111111111
}