{
      "fromAddress": null,
      "toAddress": "test",
      "amount": 1111,
      "signature": "",
      "timestamp": 1111111111111
    }